Using pre-set license
Built from '2020.3/staging' branch; Version is '2020.3.13f1 (71691879b7f5) revision 7432472'; Using compiler version '192528614'; Build Type 'Release'
OS: 'Windows 10 Home; OS build 19044.2728; Version 2009; 64bit' Language: 'en' Physical Memory: 16215 MB
BatchMode: 1, IsHumanControllingUs: 0, StartBugReporterOnCrash: 0, Is64bit: 1, IsPro: 0

 COMMAND LINE ARGUMENTS:
C:\Program Files\Unity\Hub\Editor\2020.3.13f1\Editor\Unity.exe
-adb2
-batchMode
-noUpm
-name
AssetImportWorker0
-projectPath
C:/Users/AcerPC/OneDrive/Coding/Dr.Merchant/proceduralGeneration/LagueProjectFolder/AStarPractice
-logFile
Logs/AssetImportWorker0.log
-srvPort
51157
Successfully changed project path to: C:/Users/AcerPC/OneDrive/Coding/Dr.Merchant/proceduralGeneration/LagueProjectFolder/AStarPractice
C:/Users/AcerPC/OneDrive/Coding/Dr.Merchant/proceduralGeneration/LagueProjectFolder/AStarPractice
Using Asset Import Pipeline V2.
Refreshing native plugins compatible for Editor in 30.55 ms, found 2 plugins.
Preloading 0 native plugins for Editor in 0.00 ms.
Initialize engine version: 2020.3.13f1 (71691879b7f5)
[Subsystems] Discovering subsystems at path C:/Program Files/Unity/Hub/Editor/2020.3.13f1/Editor/Data/Resources/UnitySubsystems
[Subsystems] Discovering subsystems at path C:/Users/AcerPC/OneDrive/Coding/Dr.Merchant/proceduralGeneration/LagueProjectFolder/AStarPractice/Assets
GfxDevice: creating device client; threaded=0
Direct3D:
    Version:  Direct3D 11.0 [level 11.1]
    Renderer: Intel(R) UHD Graphics (ID=0x9bc4)
    Vendor:   
    VRAM:     8107 MB
    Driver:   27.20.100.8280
Initialize mono
Mono path[0] = 'C:/Program Files/Unity/Hub/Editor/2020.3.13f1/Editor/Data/Managed'
Mono path[1] = 'C:/Program Files/Unity/Hub/Editor/2020.3.13f1/Editor/Data/MonoBleedingEdge/lib/mono/unityjit'
Mono config path = 'C:/Program Files/Unity/Hub/Editor/2020.3.13f1/Editor/Data/MonoBleedingEdge/etc'
Using monoOptions --debugger-agent=transport=dt_socket,embedding=1,server=y,suspend=n,address=127.0.0.1:56880
Begin MonoManager ReloadAssembly
Registering precompiled unity dll's ...
Register platform support module: C:/Program Files/Unity/Hub/Editor/2020.3.13f1/Editor/Data/PlaybackEngines/WebGLSupport/UnityEditor.WebGL.Extensions.dll
Register platform support module: C:/Program Files/Unity/Hub/Editor/2020.3.13f1/Editor/Data/PlaybackEngines/WindowsStandaloneSupport/UnityEditor.WindowsStandalone.Extensions.dll
Registered in 0.004801 seconds.
Native extension for WindowsStandalone target not found
Native extension for WebGL target not found
Refreshing native plugins compatible for Editor in 42.99 ms, found 2 plugins.
Preloading 0 native plugins for Editor in 0.00 ms.
Mono: successfully reloaded assembly
- Completed reload, in  2.322 seconds
Platform modules already initialized, skipping
Registering precompiled user dll's ...
Registered in 0.018207 seconds.
Begin MonoManager ReloadAssembly
Native extension for WindowsStandalone target not found
Native extension for WebGL target not found
Refreshing native plugins compatible for Editor in 1.10 ms, found 2 plugins.
Preloading 0 native plugins for Editor in 0.00 ms.
Mono: successfully reloaded assembly
- Completed reload, in  1.267 seconds
Platform modules already initialized, skipping
========================================================================
Worker process is ready to serve import requests
Launched and connected shader compiler UnityShaderCompiler.exe after 0.05 seconds
Refreshing native plugins compatible for Editor in 0.30 ms, found 2 plugins.
Preloading 0 native plugins for Editor in 0.00 ms.
Unloading 1397 Unused Serialized files (Serialized files now loaded: 0)
System memory in use before: 65.5 MB.
System memory in use after: 65.5 MB.

Unloading 19 unused Assets to reduce memory usage. Loaded Objects now: 1830.
Total: 1.994200 ms (FindLiveObjects: 0.183500 ms CreateObjectMapping: 0.047400 ms MarkObjects: 1.688900 ms  DeleteObjects: 0.072900 ms)

AssetImportParameters requested are different than current active one (requested -> active):
  custom:framework-win-MediaFoundation: 216162199b28c13a410421893ffa2e32 -> 
  custom:video-decoder-ogg-theora: a1e56fd34408186e4bbccfd4996cb3dc -> 
  custom:container-muxer-webm: aa71ff27fc2769a1b78a27578f13a17b -> 
  custom:container-demuxer-webm: 4f35f7cbe854078d1ac9338744f61a02 -> 
  custom:container-demuxer-ogg: 62fdf1f143b41e24485cea50d1cbac27 -> 
  custom:video-encoder-webm-vp8: eb34c28f22e8b96e1ab97ce403110664 -> 
  custom:video-decoder-webm-vp8: 9c59270c3fd7afecdb556c50c9e8de78 -> 
  custom:audio-decoder-ogg-vorbis: bf7c407c2cedff20999df2af8eb42d56 -> 
  custom:audio-encoder-webm-vorbis: bf7c407c2cedff20999df2af8eb42d56 -> 
========================================================================
Received Prepare
Registering precompiled user dll's ...
Registered in 0.006882 seconds.
Begin MonoManager ReloadAssembly
Native extension for WindowsStandalone target not found
Native extension for WebGL target not found
Refreshing native plugins compatible for Editor in 0.32 ms, found 2 plugins.
Preloading 0 native plugins for Editor in 0.00 ms.
Mono: successfully reloaded assembly
- Completed reload, in  1.008 seconds
Platform modules already initialized, skipping
Refreshing native plugins compatible for Editor in 0.34 ms, found 2 plugins.
Preloading 0 native plugins for Editor in 0.00 ms.
Unloading 1392 Unused Serialized files (Serialized files now loaded: 0)
System memory in use before: 65.4 MB.
System memory in use after: 65.5 MB.

Unloading 14 unused Assets to reduce memory usage. Loaded Objects now: 1833.
Total: 1.819600 ms (FindLiveObjects: 0.192900 ms CreateObjectMapping: 0.051400 ms MarkObjects: 1.522000 ms  DeleteObjects: 0.051800 ms)

AssetImportParameters requested are different than current active one (requested -> active):
  custom:framework-win-MediaFoundation: 216162199b28c13a410421893ffa2e32 -> 
  custom:video-decoder-ogg-theora: a1e56fd34408186e4bbccfd4996cb3dc -> 
  custom:container-muxer-webm: aa71ff27fc2769a1b78a27578f13a17b -> 
  custom:container-demuxer-webm: 4f35f7cbe854078d1ac9338744f61a02 -> 
  custom:container-demuxer-ogg: 62fdf1f143b41e24485cea50d1cbac27 -> 
  custom:video-encoder-webm-vp8: eb34c28f22e8b96e1ab97ce403110664 -> 
  custom:video-decoder-webm-vp8: 9c59270c3fd7afecdb556c50c9e8de78 -> 
  custom:audio-decoder-ogg-vorbis: bf7c407c2cedff20999df2af8eb42d56 -> 
  custom:audio-encoder-webm-vorbis: bf7c407c2cedff20999df2af8eb42d56 -> 
========================================================================
Received Import Request.
  path: Assets/Scripts/Line.cs
  artifactKey: Guid(e7de231f670a36147b4bc4cb113b9310) Importer(815301076,1909f56bfc062723c751e8b465ee728b)
Start importing Assets/Scripts/Line.cs using Guid(e7de231f670a36147b4bc4cb113b9310) Importer(815301076,1909f56bfc062723c751e8b465ee728b)  -> (artifact id: '9b87646fef0bd9806eb8d23b34c780e6') in 0.053887 seconds 
  Import took 0.058168 seconds .

========================================================================
Received Import Request.
  Time since last request: 1001.338707 seconds.
  path: Assets/Scripts/Line.cs
  artifactKey: Guid(e7de231f670a36147b4bc4cb113b9310) Importer(815301076,1909f56bfc062723c751e8b465ee728b)
Start importing Assets/Scripts/Line.cs using Guid(e7de231f670a36147b4bc4cb113b9310) Importer(815301076,1909f56bfc062723c751e8b465ee728b)  -> (artifact id: 'f0eadfc8049e1436661d29e58d981297') in 0.003001 seconds 
  Import took 0.007653 seconds .

========================================================================
Received Prepare
Registering precompiled user dll's ...
Registered in 0.005291 seconds.
Begin MonoManager ReloadAssembly
Native extension for WindowsStandalone target not found
Native extension for WebGL target not found
Refreshing native plugins compatible for Editor in 0.46 ms, found 2 plugins.
Preloading 0 native plugins for Editor in 0.00 ms.
Mono: successfully reloaded assembly
- Completed reload, in  1.153 seconds
Platform modules already initialized, skipping
Refreshing native plugins compatible for Editor in 0.66 ms, found 2 plugins.
Preloading 0 native plugins for Editor in 0.00 ms.
Unloading 1392 Unused Serialized files (Serialized files now loaded: 0)
System memory in use before: 65.5 MB.
System memory in use after: 65.5 MB.

Unloading 14 unused Assets to reduce memory usage. Loaded Objects now: 1836.
Total: 3.871600 ms (FindLiveObjects: 0.525200 ms CreateObjectMapping: 0.103900 ms MarkObjects: 3.055600 ms  DeleteObjects: 0.185100 ms)

AssetImportParameters requested are different than current active one (requested -> active):
  custom:framework-win-MediaFoundation: 216162199b28c13a410421893ffa2e32 -> 
  custom:video-decoder-ogg-theora: a1e56fd34408186e4bbccfd4996cb3dc -> 
  custom:container-muxer-webm: aa71ff27fc2769a1b78a27578f13a17b -> 
  custom:container-demuxer-webm: 4f35f7cbe854078d1ac9338744f61a02 -> 
  custom:container-demuxer-ogg: 62fdf1f143b41e24485cea50d1cbac27 -> 
  custom:video-encoder-webm-vp8: eb34c28f22e8b96e1ab97ce403110664 -> 
  custom:video-decoder-webm-vp8: 9c59270c3fd7afecdb556c50c9e8de78 -> 
  custom:audio-decoder-ogg-vorbis: bf7c407c2cedff20999df2af8eb42d56 -> 
  custom:audio-encoder-webm-vorbis: bf7c407c2cedff20999df2af8eb42d56 -> 
========================================================================
Received Import Request.
  Time since last request: 41.436658 seconds.
  path: Assets/Scripts/Line.cs
  artifactKey: Guid(e7de231f670a36147b4bc4cb113b9310) Importer(815301076,1909f56bfc062723c751e8b465ee728b)
Start importing Assets/Scripts/Line.cs using Guid(e7de231f670a36147b4bc4cb113b9310) Importer(815301076,1909f56bfc062723c751e8b465ee728b)  -> (artifact id: 'd17b79d29970e456a50e2f4ee4b42bb1') in 0.009534 seconds 
  Import took 0.015508 seconds .

========================================================================
Received Import Request.
  Time since last request: 11.792558 seconds.
  path: Assets/Scripts/Path.cs
  artifactKey: Guid(fabe862c19f86d5448486fafb6e9d635) Importer(815301076,1909f56bfc062723c751e8b465ee728b)
Start importing Assets/Scripts/Path.cs using Guid(fabe862c19f86d5448486fafb6e9d635) Importer(815301076,1909f56bfc062723c751e8b465ee728b)  -> (artifact id: '2c6cd8e90a26da506785c704e0dcfdeb') in 0.010231 seconds 
  Import took 0.015604 seconds .

========================================================================
Received Import Request.
  Time since last request: 0.005277 seconds.
  path: Assets/Scripts/Path.cs
  artifactKey: Guid(fabe862c19f86d5448486fafb6e9d635) Importer(815301076,1909f56bfc062723c751e8b465ee728b)
Start importing Assets/Scripts/Path.cs using Guid(fabe862c19f86d5448486fafb6e9d635) Importer(815301076,1909f56bfc062723c751e8b465ee728b)  -> (artifact id: '2c6cd8e90a26da506785c704e0dcfdeb') in 0.003479 seconds 
  Import took 0.009522 seconds .

========================================================================
Received Prepare
Registering precompiled user dll's ...
Registered in 0.005254 seconds.
Begin MonoManager ReloadAssembly
Native extension for WindowsStandalone target not found
Native extension for WebGL target not found
Refreshing native plugins compatible for Editor in 0.29 ms, found 2 plugins.
Preloading 0 native plugins for Editor in 0.00 ms.
Mono: successfully reloaded assembly
- Completed reload, in  0.923 seconds
Platform modules already initialized, skipping
Refreshing native plugins compatible for Editor in 0.29 ms, found 2 plugins.
Preloading 0 native plugins for Editor in 0.00 ms.
Unloading 1393 Unused Serialized files (Serialized files now loaded: 0)
System memory in use before: 65.5 MB.
System memory in use after: 65.6 MB.

Unloading 14 unused Assets to reduce memory usage. Loaded Objects now: 1840.
Total: 1.637800 ms (FindLiveObjects: 0.133900 ms CreateObjectMapping: 0.040700 ms MarkObjects: 1.416700 ms  DeleteObjects: 0.045500 ms)

AssetImportParameters requested are different than current active one (requested -> active):
  custom:framework-win-MediaFoundation: 216162199b28c13a410421893ffa2e32 -> 
  custom:video-decoder-ogg-theora: a1e56fd34408186e4bbccfd4996cb3dc -> 
  custom:container-muxer-webm: aa71ff27fc2769a1b78a27578f13a17b -> 
  custom:container-demuxer-webm: 4f35f7cbe854078d1ac9338744f61a02 -> 
  custom:container-demuxer-ogg: 62fdf1f143b41e24485cea50d1cbac27 -> 
  custom:video-encoder-webm-vp8: eb34c28f22e8b96e1ab97ce403110664 -> 
  custom:video-decoder-webm-vp8: 9c59270c3fd7afecdb556c50c9e8de78 -> 
  custom:audio-decoder-ogg-vorbis: bf7c407c2cedff20999df2af8eb42d56 -> 
  custom:audio-encoder-webm-vorbis: bf7c407c2cedff20999df2af8eb42d56 -> 
========================================================================
Received Import Request.
  Time since last request: 799.150159 seconds.
  path: Assets/Scripts/Path.cs
  artifactKey: Guid(fabe862c19f86d5448486fafb6e9d635) Importer(815301076,1909f56bfc062723c751e8b465ee728b)
Start importing Assets/Scripts/Path.cs using Guid(fabe862c19f86d5448486fafb6e9d635) Importer(815301076,1909f56bfc062723c751e8b465ee728b)  -> (artifact id: '123e6cac663403d3aca934d0e7bdef93') in 0.008268 seconds 
  Import took 0.013821 seconds .

========================================================================
Received Import Request.
  Time since last request: 0.002807 seconds.
  path: Assets/Scripts/Path.cs
  artifactKey: Guid(fabe862c19f86d5448486fafb6e9d635) Importer(815301076,1909f56bfc062723c751e8b465ee728b)
Start importing Assets/Scripts/Path.cs using Guid(fabe862c19f86d5448486fafb6e9d635) Importer(815301076,1909f56bfc062723c751e8b465ee728b)  -> (artifact id: '123e6cac663403d3aca934d0e7bdef93') in 0.002292 seconds 
  Import took 0.006259 seconds .

========================================================================
Received Import Request.
  Time since last request: 9.470153 seconds.
  path: Assets/Scripts/Path.cs
  artifactKey: Guid(fabe862c19f86d5448486fafb6e9d635) Importer(815301076,1909f56bfc062723c751e8b465ee728b)
Start importing Assets/Scripts/Path.cs using Guid(fabe862c19f86d5448486fafb6e9d635) Importer(815301076,1909f56bfc062723c751e8b465ee728b)  -> (artifact id: '7dbbed208b4354a110b0742a8d9cafbe') in 0.003272 seconds 
  Import took 0.010394 seconds .

========================================================================
Received Prepare
Registering precompiled user dll's ...
Registered in 0.004886 seconds.
Begin MonoManager ReloadAssembly
Native extension for WindowsStandalone target not found
Native extension for WebGL target not found
Refreshing native plugins compatible for Editor in 0.43 ms, found 2 plugins.
Preloading 0 native plugins for Editor in 0.00 ms.
Mono: successfully reloaded assembly
- Completed reload, in  1.178 seconds
Platform modules already initialized, skipping
Refreshing native plugins compatible for Editor in 0.73 ms, found 2 plugins.
Preloading 0 native plugins for Editor in 0.00 ms.
Unloading 1393 Unused Serialized files (Serialized files now loaded: 0)
System memory in use before: 65.5 MB.
System memory in use after: 65.6 MB.

Unloading 14 unused Assets to reduce memory usage. Loaded Objects now: 1843.
Total: 4.698000 ms (FindLiveObjects: 0.413300 ms CreateObjectMapping: 0.163500 ms MarkObjects: 3.902500 ms  DeleteObjects: 0.214900 ms)

AssetImportParameters requested are different than current active one (requested -> active):
  custom:framework-win-MediaFoundation: 216162199b28c13a410421893ffa2e32 -> 
  custom:video-decoder-ogg-theora: a1e56fd34408186e4bbccfd4996cb3dc -> 
  custom:container-muxer-webm: aa71ff27fc2769a1b78a27578f13a17b -> 
  custom:container-demuxer-webm: 4f35f7cbe854078d1ac9338744f61a02 -> 
  custom:container-demuxer-ogg: 62fdf1f143b41e24485cea50d1cbac27 -> 
  custom:video-encoder-webm-vp8: eb34c28f22e8b96e1ab97ce403110664 -> 
  custom:video-decoder-webm-vp8: 9c59270c3fd7afecdb556c50c9e8de78 -> 
  custom:audio-decoder-ogg-vorbis: bf7c407c2cedff20999df2af8eb42d56 -> 
  custom:audio-encoder-webm-vorbis: bf7c407c2cedff20999df2af8eb42d56 -> 
========================================================================
Received Import Request.
  Time since last request: 49.162890 seconds.
  path: Assets/Scripts/Path.cs
  artifactKey: Guid(fabe862c19f86d5448486fafb6e9d635) Importer(815301076,1909f56bfc062723c751e8b465ee728b)
Start importing Assets/Scripts/Path.cs using Guid(fabe862c19f86d5448486fafb6e9d635) Importer(815301076,1909f56bfc062723c751e8b465ee728b)  -> (artifact id: '03dee184463c537f8a7fe04a47356156') in 0.017369 seconds 
  Import took 0.028928 seconds .

========================================================================
Received Import Request.
  Time since last request: 10.254086 seconds.
  path: Assets/Scripts/Unit.cs
  artifactKey: Guid(928d1d0a9e83e2f40b6ab7a8a761524b) Importer(815301076,1909f56bfc062723c751e8b465ee728b)
Start importing Assets/Scripts/Unit.cs using Guid(928d1d0a9e83e2f40b6ab7a8a761524b) Importer(815301076,1909f56bfc062723c751e8b465ee728b)  -> (artifact id: 'c8133938354be706e2755157322bf436') in 0.007824 seconds 
  Import took 0.012499 seconds .

========================================================================
Received Import Request.
  Time since last request: 0.002653 seconds.
  path: Assets/Scripts/Unit.cs
  artifactKey: Guid(928d1d0a9e83e2f40b6ab7a8a761524b) Importer(815301076,1909f56bfc062723c751e8b465ee728b)
Start importing Assets/Scripts/Unit.cs using Guid(928d1d0a9e83e2f40b6ab7a8a761524b) Importer(815301076,1909f56bfc062723c751e8b465ee728b)  -> (artifact id: 'c8133938354be706e2755157322bf436') in 0.002362 seconds 
  Import took 0.005666 seconds .

========================================================================
Received Prepare
Registering precompiled user dll's ...
Registered in 0.004636 seconds.
Begin MonoManager ReloadAssembly
Native extension for WindowsStandalone target not found
Native extension for WebGL target not found
Refreshing native plugins compatible for Editor in 0.28 ms, found 2 plugins.
Preloading 0 native plugins for Editor in 0.00 ms.
Mono: successfully reloaded assembly
- Completed reload, in  0.897 seconds
Platform modules already initialized, skipping
Refreshing native plugins compatible for Editor in 0.27 ms, found 2 plugins.
Preloading 0 native plugins for Editor in 0.00 ms.
Unloading 1393 Unused Serialized files (Serialized files now loaded: 0)
System memory in use before: 65.5 MB.
System memory in use after: 65.6 MB.

Unloading 14 unused Assets to reduce memory usage. Loaded Objects now: 1846.
Total: 1.656400 ms (FindLiveObjects: 0.147000 ms CreateObjectMapping: 0.042700 ms MarkObjects: 1.421100 ms  DeleteObjects: 0.044700 ms)

AssetImportParameters requested are different than current active one (requested -> active):
  custom:framework-win-MediaFoundation: 216162199b28c13a410421893ffa2e32 -> 
  custom:video-decoder-ogg-theora: a1e56fd34408186e4bbccfd4996cb3dc -> 
  custom:container-muxer-webm: aa71ff27fc2769a1b78a27578f13a17b -> 
  custom:container-demuxer-webm: 4f35f7cbe854078d1ac9338744f61a02 -> 
  custom:container-demuxer-ogg: 62fdf1f143b41e24485cea50d1cbac27 -> 
  custom:video-encoder-webm-vp8: eb34c28f22e8b96e1ab97ce403110664 -> 
  custom:video-decoder-webm-vp8: 9c59270c3fd7afecdb556c50c9e8de78 -> 
  custom:audio-decoder-ogg-vorbis: bf7c407c2cedff20999df2af8eb42d56 -> 
  custom:audio-encoder-webm-vorbis: bf7c407c2cedff20999df2af8eb42d56 -> 
========================================================================
Received Import Request.
  Time since last request: 169.635836 seconds.
  path: Assets/Scripts/Unit.cs
  artifactKey: Guid(928d1d0a9e83e2f40b6ab7a8a761524b) Importer(815301076,1909f56bfc062723c751e8b465ee728b)
Start importing Assets/Scripts/Unit.cs using Guid(928d1d0a9e83e2f40b6ab7a8a761524b) Importer(815301076,1909f56bfc062723c751e8b465ee728b)  -> (artifact id: 'fe2da03681265eeaecf3679d68288606') in 0.004201 seconds 
  Import took 0.007508 seconds .

========================================================================
Received Import Request.
  Time since last request: 1.501774 seconds.
  path: Assets/Scripts/Unit.cs
  artifactKey: Guid(928d1d0a9e83e2f40b6ab7a8a761524b) Importer(815301076,1909f56bfc062723c751e8b465ee728b)
Start importing Assets/Scripts/Unit.cs using Guid(928d1d0a9e83e2f40b6ab7a8a761524b) Importer(815301076,1909f56bfc062723c751e8b465ee728b)  -> (artifact id: 'fe2da03681265eeaecf3679d68288606') in 0.003044 seconds 
  Import took 0.007113 seconds .

========================================================================
Received Prepare
Registering precompiled user dll's ...
Registered in 0.004386 seconds.
Begin MonoManager ReloadAssembly
Native extension for WindowsStandalone target not found
Native extension for WebGL target not found
Refreshing native plugins compatible for Editor in 0.34 ms, found 2 plugins.
Preloading 0 native plugins for Editor in 0.00 ms.
Mono: successfully reloaded assembly
- Completed reload, in  0.917 seconds
Platform modules already initialized, skipping
Refreshing native plugins compatible for Editor in 0.32 ms, found 2 plugins.
Preloading 0 native plugins for Editor in 0.00 ms.
Unloading 1393 Unused Serialized files (Serialized files now loaded: 0)
System memory in use before: 65.5 MB.
System memory in use after: 65.6 MB.

Unloading 14 unused Assets to reduce memory usage. Loaded Objects now: 1849.
Total: 1.859300 ms (FindLiveObjects: 0.146400 ms CreateObjectMapping: 0.047400 ms MarkObjects: 1.615800 ms  DeleteObjects: 0.048700 ms)

AssetImportParameters requested are different than current active one (requested -> active):
  custom:framework-win-MediaFoundation: 216162199b28c13a410421893ffa2e32 -> 
  custom:video-decoder-ogg-theora: a1e56fd34408186e4bbccfd4996cb3dc -> 
  custom:container-muxer-webm: aa71ff27fc2769a1b78a27578f13a17b -> 
  custom:container-demuxer-webm: 4f35f7cbe854078d1ac9338744f61a02 -> 
  custom:container-demuxer-ogg: 62fdf1f143b41e24485cea50d1cbac27 -> 
  custom:video-encoder-webm-vp8: eb34c28f22e8b96e1ab97ce403110664 -> 
  custom:video-decoder-webm-vp8: 9c59270c3fd7afecdb556c50c9e8de78 -> 
  custom:audio-decoder-ogg-vorbis: bf7c407c2cedff20999df2af8eb42d56 -> 
  custom:audio-encoder-webm-vorbis: bf7c407c2cedff20999df2af8eb42d56 -> 
========================================================================
Received Prepare
Registering precompiled user dll's ...
Registered in 0.004551 seconds.
Begin MonoManager ReloadAssembly
Native extension for WindowsStandalone target not found
Native extension for WebGL target not found
Refreshing native plugins compatible for Editor in 0.32 ms, found 2 plugins.
Preloading 0 native plugins for Editor in 0.00 ms.
Mono: successfully reloaded assembly
- Completed reload, in  1.186 seconds
Platform modules already initialized, skipping
Refreshing native plugins compatible for Editor in 0.59 ms, found 2 plugins.
Preloading 0 native plugins for Editor in 0.00 ms.
Unloading 1393 Unused Serialized files (Serialized files now loaded: 0)
System memory in use before: 65.5 MB.
System memory in use after: 65.6 MB.

Unloading 14 unused Assets to reduce memory usage. Loaded Objects now: 1852.
Total: 1.984400 ms (FindLiveObjects: 0.157100 ms CreateObjectMapping: 0.078200 ms MarkObjects: 1.692700 ms  DeleteObjects: 0.055100 ms)

AssetImportParameters requested are different than current active one (requested -> active):
  custom:framework-win-MediaFoundation: 216162199b28c13a410421893ffa2e32 -> 
  custom:video-decoder-ogg-theora: a1e56fd34408186e4bbccfd4996cb3dc -> 
  custom:container-muxer-webm: aa71ff27fc2769a1b78a27578f13a17b -> 
  custom:container-demuxer-webm: 4f35f7cbe854078d1ac9338744f61a02 -> 
  custom:container-demuxer-ogg: 62fdf1f143b41e24485cea50d1cbac27 -> 
  custom:video-encoder-webm-vp8: eb34c28f22e8b96e1ab97ce403110664 -> 
  custom:video-decoder-webm-vp8: 9c59270c3fd7afecdb556c50c9e8de78 -> 
  custom:audio-decoder-ogg-vorbis: bf7c407c2cedff20999df2af8eb42d56 -> 
  custom:audio-encoder-webm-vorbis: bf7c407c2cedff20999df2af8eb42d56 -> 
AssetImportWorkerClient::OnTransportError - code=2 error=End of file
